#
# A fatal error has been detected by the Java Runtime Environment:
#
#  Internal Error (classFileParser.cpp:3494), pid=3884, tid=1728
#  Error: ShouldNotReachHere()
#
# JRE version: 6.0_45-b06
# Java VM: Java HotSpot(TM) 64-Bit Server VM (20.45-b01 mixed mode windows-amd64 compressed oops)
# If you would like to submit a bug report, please visit:
#   http://java.sun.com/webapps/bugreport/crash.jsp
#

---------------  T H R E A D  ---------------

Current thread (0x00000000005ec000):  JavaThread "Unknown thread" [_thread_in_vm, id=1728, stack(0x0000000001f80000,0x0000000002080000)]

Stack: [0x0000000001f80000,0x0000000002080000]
[error occurred during error reporting (printing stack bounds), id 0xc0000005]


---------------  P R O C E S S  ---------------

Java Threads: ( => current thread )

Other Threads:

=>0x00000000005ec000 (exited) JavaThread "Unknown thread" [_thread_in_vm, id=1728, stack(0x0000000001f80000,0x0000000002080000)]

VM state:not at safepoint (not fully initialized)

VM Mutex/Monitor currently owned by a thread: None

Dynamic libraries:
0x0000000000400000 - 0x000000000042f000 	C:\Program Files\Java\jre6\bin\javaw.exe
0x000007fb1b7c0000 - 0x000007fb1b980000 	C:\Windows\SYSTEM32\ntdll.dll
0x000007fb1b090000 - 0x000007fb1b1c6000 	C:\Windows\system32\KERNEL32.DLL
0x000007fb189b0000 - 0x000007fb18aa3000 	C:\Windows\system32\KERNELBASE.dll
0x000007fb1b6e0000 - 0x000007fb1b7be000 	C:\Windows\system32\ADVAPI32.dll
0x000007fb1a800000 - 0x000007fb1a94c000 	C:\Windows\system32\USER32.dll
0x000007fb1b510000 - 0x000007fb1b5b5000 	C:\Windows\system32\msvcrt.dll
0x000007fb1a030000 - 0x000007fb1a078000 	C:\Windows\SYSTEM32\sechost.dll
0x000007fb1a9a0000 - 0x000007fb1aae5000 	C:\Windows\system32\RPCRT4.dll
0x000007fb1aaf0000 - 0x000007fb1ac31000 	C:\Windows\system32\GDI32.dll
0x000007fb1a960000 - 0x000007fb1a999000 	C:\Windows\system32\IMM32.DLL
0x000007fb1aef0000 - 0x000007fb1b006000 	C:\Windows\system32\MSCTF.dll
0x000000006d830000 - 0x000000006dfec000 	C:\Program Files\Java\jre6\bin\server\jvm.dll
0x000007fb14980000 - 0x000007fb149a0000 	C:\Windows\SYSTEM32\WINMM.dll
0x000007fb14940000 - 0x000007fb14973000 	C:\Windows\SYSTEM32\WINMMBASE.dll
0x000007fb18b60000 - 0x000007fb18baf000 	C:\Windows\SYSTEM32\cfgmgr32.dll
0x000007fb18740000 - 0x000007fb18762000 	C:\Windows\system32\DEVOBJ.dll
0x000000006d7a0000 - 0x000000006d7ae000 	C:\Program Files\Java\jre6\bin\verify.dll
0x000000006d3c0000 - 0x000000006d3e7000 	C:\Program Files\Java\jre6\bin\java.dll
0x000000006d7f0000 - 0x000000006d802000 	C:\Program Files\Java\jre6\bin\zip.dll
0x000007fb1a950000 - 0x000007fb1a957000 	C:\Windows\system32\PSAPI.DLL

VM Arguments:
jvm_args: -Dfile.encoding=Cp1252 -Xbootclasspath:C:\adt-bundle-windows-x86_64-20131030\sdk\platforms\android-18\android.jar 
java_command: Try
Launcher Type: SUN_STANDARD

Environment Variables:
PATH=C:\Program Files (x86)\ActiveState Komodo Edit 8\;C:\Program Files\Dell\DW WLAN Card;;C:\Windows\system32;C:\Windows;C:\Windows\System32\Wbem;C:\Windows\System32\WindowsPowerShell\v1.0\;C:\Program Files\WIDCOMM\Bluetooth Software\;C:\Program Files\WIDCOMM\Bluetooth Software\syswow64;C:\OpenCV2.1\bin;C:\Program Files (x86)\Calibre2\;C:\Program Files\Microsoft\Web Platform Installer\
USERNAME=Nikhil Patil
OS=Windows_NT
PROCESSOR_IDENTIFIER=Intel64 Family 6 Model 58 Stepping 9, GenuineIntel



---------------  S Y S T E M  ---------------

OS: Windows 8 , 64 bit Build 9200 

CPU:total 8 (4 cores per cpu, 2 threads per core) family 6 model 58 stepping 9, cmov, cx8, fxsr, mmx, sse, sse2, sse3, ssse3, sse4.1, sse4.2, popcnt, ht

Memory: 4k page, physical 4060436k(989768k free), swap 8123668k(3736148k free)

vm_info: Java HotSpot(TM) 64-Bit Server VM (20.45-b01) for windows-amd64 JRE (1.6.0_45-b06), built on Apr  1 2013 12:31:37 by "java_re" with MS VC++ 8.0 (VS2005)

time: Mon Mar 24 16:20:31 2014
elapsed time: 0 seconds

